#! /c/Source/iverilog-install/bin/vvp
:ivl_version "12.0 (devel)" "(s20150603-1539-g2693dd32b)";
:ivl_delay_selection "TYPICAL";
:vpi_time_precision - 12;
:vpi_module "C:\iverilog\lib\ivl\system.vpi";
:vpi_module "C:\iverilog\lib\ivl\vhdl_sys.vpi";
:vpi_module "C:\iverilog\lib\ivl\vhdl_textio.vpi";
:vpi_module "C:\iverilog\lib\ivl\v2005_math.vpi";
:vpi_module "C:\iverilog\lib\ivl\va_math.vpi";
S_00000189a8c58980 .scope module, "TB_Combined" "TB_Combined" 2 3;
 .timescale -9 -12;
v00000189a8cee5a0_0 .net "alarm", 0 0, v00000189a8c96020_0;  1 drivers
v00000189a8cede20_0 .net "bpm", 7 0, v00000189a8c96840_0;  1 drivers
v00000189a8ced9c0_0 .net "bpm_state", 0 0, v00000189a8c96c00_0;  1 drivers
v00000189a8cee640_0 .var "clk", 0 0;
v00000189a8ced600_0 .var/real "fall_duration", 0 0;
v00000189a8cee500_0 .var "fall_sensor", 0 0;
v00000189a8cee6e0_0 .var/real "fall_start_time", 0 0;
v00000189a8ceeaa0_0 .var "global_reset", 0 0;
v00000189a8cedb00_0 .net "medicine_reminder", 0 0, v00000189a8c96480_0;  1 drivers
v00000189a8cee8c0_0 .var "patient_reset", 0 0;
v00000189a8ceda60_0 .var "pulse_count", 7 0;
v00000189a8cedce0_0 .var/real "reset_time", 0 0;
v00000189a8cee780_0 .net "temp_high", 0 0, L_00000189a8cedec0;  1 drivers
v00000189a8cee140_0 .net "temp_low", 0 0, L_00000189a8ceec80;  1 drivers
v00000189a8cedba0_0 .net "temp_state", 0 0, L_00000189a8cee0a0;  1 drivers
v00000189a8cedc40_0 .var "temperature", 7 0;
S_00000189a8c63830 .scope module, "bpm_monitor_uut" "BPM_Monitor" 2 35, 3 1 0, S_00000189a8c58980;
 .timescale 0 0;
    .port_info 0 /INPUT 1 "clk";
    .port_info 1 /INPUT 1 "reset";
    .port_info 2 /INPUT 8 "pulse_count";
    .port_info 3 /OUTPUT 8 "bpm";
    .port_info 4 /OUTPUT 1 "bpm_state";
v00000189a8c96840_0 .var "bpm", 7 0;
v00000189a8c96c00_0 .var "bpm_state", 0 0;
v00000189a8c96d40_0 .net "clk", 0 0, v00000189a8cee640_0;  1 drivers
v00000189a8c96ca0_0 .net "pulse_count", 7 0, v00000189a8ceda60_0;  1 drivers
v00000189a8c96e80_0 .net "reset", 0 0, v00000189a8ceeaa0_0;  1 drivers
E_00000189a8c8df00 .event posedge, v00000189a8c96e80_0, v00000189a8c96d40_0;
S_00000189a8c6f090 .scope module, "fall_detection_uut" "fall_detection_system" 2 43, 3 29 0, S_00000189a8c58980;
 .timescale 0 0;
    .port_info 0 /INPUT 1 "clk";
    .port_info 1 /INPUT 1 "reset";
    .port_info 2 /INPUT 1 "fall_sensor";
    .port_info 3 /INPUT 1 "patient_reset";
    .port_info 4 /OUTPUT 1 "alarm";
P_00000189a8c6f220 .param/l "CLOCKS_PER_SECOND" 1 3 52, +C4<00000000000011110100001001000000>;
P_00000189a8c6f258 .param/l "FALL_DETECTED" 1 3 43, C4<01>;
P_00000189a8c6f290 .param/l "IDLE" 1 3 42, C4<00>;
P_00000189a8c6f2c8 .param/l "RECOVERY" 1 3 44, C4<10>;
P_00000189a8c6f300 .param/l "RECOVERY_TIME" 0 3 39, +C4<00000000000000000000000000011110>;
P_00000189a8c6f338 .param/l "STABLE_TIME" 0 3 38, +C4<00000000000000000000000000000101>;
v00000189a8c96020_0 .var "alarm", 0 0;
v00000189a8c96ac0_0 .net "clk", 0 0, v00000189a8cee640_0;  alias, 1 drivers
v00000189a8c963e0_0 .var "clock_counter", 31 0;
v00000189a8c960c0_0 .net "fall_sensor", 0 0, v00000189a8cee500_0;  1 drivers
v00000189a8c96b60_0 .net "patient_reset", 0 0, v00000189a8cee8c0_0;  1 drivers
v00000189a8c96160_0 .net "reset", 0 0, v00000189a8ceeaa0_0;  alias, 1 drivers
v00000189a8c968e0_0 .var "state", 1 0;
v00000189a8c96200_0 .var "timer", 31 0;
S_00000189a8c6f380 .scope module, "medicine_reminder_uut" "Medicine_Reminder" 2 51, 3 121 0, S_00000189a8c58980;
 .timescale 0 0;
    .port_info 0 /INPUT 1 "clk";
    .port_info 1 /INPUT 1 "reset";
    .port_info 2 /OUTPUT 1 "medicine_reminder";
P_00000189a8c602a0 .param/l "CYCLES_FOR_10_SECONDS" 0 3 133, +C4<00000000000000000000000001100100>;
P_00000189a8c602d8 .param/l "CYCLES_PER_10_MINUTES" 0 3 132, +C4<00000000000000000000001001011000>;
v00000189a8c965c0_0 .net "clk", 0 0, v00000189a8cee640_0;  alias, 1 drivers
v00000189a8c962a0_0 .var "counter", 11 0;
v00000189a8c967a0_0 .var "medicine_counter", 3 0;
v00000189a8c96480_0 .var "medicine_reminder", 0 0;
v00000189a8c96340_0 .var "reminder_timer", 23 0;
v00000189a8c96520_0 .net "reset", 0 0, v00000189a8ceeaa0_0;  alias, 1 drivers
S_00000189a8c79820 .scope module, "temperature_monitor_uut" "Temperature_Monitor" 2 57, 3 102 0, S_00000189a8c58980;
 .timescale 0 0;
    .port_info 0 /INPUT 8 "temperature";
    .port_info 1 /OUTPUT 1 "temp_high";
    .port_info 2 /OUTPUT 1 "temp_state";
    .port_info 3 /OUTPUT 1 "temp_low";
L_00000189a8c887b0 .functor OR 1, L_00000189a8ced6a0, L_00000189a8cee960, C4<0>, C4<0>;
L_00000189a8d50088 .functor BUFT 1, C4<01100001>, C4<0>, C4<0>, C4<0>;
v00000189a8c96660_0 .net/2u *"_ivl_0", 7 0, L_00000189a8d50088;  1 drivers
L_00000189a8d50118 .functor BUFT 1, C4<1>, C4<0>, C4<0>, C4<0>;
v00000189a8c96700_0 .net/2u *"_ivl_10", 0 0, L_00000189a8d50118;  1 drivers
L_00000189a8d50160 .functor BUFT 1, C4<0>, C4<0>, C4<0>, C4<0>;
v00000189a8ced740_0 .net/2u *"_ivl_12", 0 0, L_00000189a8d50160;  1 drivers
L_00000189a8d501a8 .functor BUFT 1, C4<01100100>, C4<0>, C4<0>, C4<0>;
v00000189a8cee820_0 .net/2u *"_ivl_16", 7 0, L_00000189a8d501a8;  1 drivers
v00000189a8cee320_0 .net *"_ivl_18", 0 0, L_00000189a8ceea00;  1 drivers
v00000189a8ceee60_0 .net *"_ivl_2", 0 0, L_00000189a8ced6a0;  1 drivers
L_00000189a8d501f0 .functor BUFT 1, C4<1>, C4<0>, C4<0>, C4<0>;
v00000189a8ceefa0_0 .net/2u *"_ivl_20", 0 0, L_00000189a8d501f0;  1 drivers
L_00000189a8d50238 .functor BUFT 1, C4<0>, C4<0>, C4<0>, C4<0>;
v00000189a8cedf60_0 .net/2u *"_ivl_22", 0 0, L_00000189a8d50238;  1 drivers
L_00000189a8d50280 .functor BUFT 1, C4<01011010>, C4<0>, C4<0>, C4<0>;
v00000189a8cee280_0 .net/2u *"_ivl_26", 7 0, L_00000189a8d50280;  1 drivers
v00000189a8ceedc0_0 .net *"_ivl_28", 0 0, L_00000189a8ceeb40;  1 drivers
L_00000189a8d502c8 .functor BUFT 1, C4<1>, C4<0>, C4<0>, C4<0>;
v00000189a8ced7e0_0 .net/2u *"_ivl_30", 0 0, L_00000189a8d502c8;  1 drivers
L_00000189a8d50310 .functor BUFT 1, C4<0>, C4<0>, C4<0>, C4<0>;
v00000189a8ced560_0 .net/2u *"_ivl_32", 0 0, L_00000189a8d50310;  1 drivers
L_00000189a8d500d0 .functor BUFT 1, C4<01100100>, C4<0>, C4<0>, C4<0>;
v00000189a8cedd80_0 .net/2u *"_ivl_4", 7 0, L_00000189a8d500d0;  1 drivers
v00000189a8cee460_0 .net *"_ivl_6", 0 0, L_00000189a8cee960;  1 drivers
v00000189a8ceef00_0 .net *"_ivl_9", 0 0, L_00000189a8c887b0;  1 drivers
v00000189a8cef400_0 .net "temp_high", 0 0, L_00000189a8cedec0;  alias, 1 drivers
v00000189a8ceed20_0 .net "temp_low", 0 0, L_00000189a8ceec80;  alias, 1 drivers
v00000189a8ced880_0 .net "temp_state", 0 0, L_00000189a8cee0a0;  alias, 1 drivers
v00000189a8cee3c0_0 .net "temperature", 7 0, v00000189a8cedc40_0;  1 drivers
L_00000189a8ced6a0 .cmp/gt 8, L_00000189a8d50088, v00000189a8cedc40_0;
L_00000189a8cee960 .cmp/gt 8, v00000189a8cedc40_0, L_00000189a8d500d0;
L_00000189a8cedec0 .functor MUXZ 1, L_00000189a8d50160, L_00000189a8d50118, L_00000189a8c887b0, C4<>;
L_00000189a8ceea00 .cmp/gt 8, v00000189a8cedc40_0, L_00000189a8d501a8;
L_00000189a8cee0a0 .functor MUXZ 1, L_00000189a8d50238, L_00000189a8d501f0, L_00000189a8ceea00, C4<>;
L_00000189a8ceeb40 .cmp/gt 8, L_00000189a8d50280, v00000189a8cedc40_0;
L_00000189a8ceec80 .functor MUXZ 1, L_00000189a8d50310, L_00000189a8d502c8, L_00000189a8ceeb40, C4<>;
S_00000189a8c79ac0 .scope task, "test_bpm_monitor" "test_bpm_monitor" 2 71, 2 71 0, S_00000189a8c58980;
 .timescale -9 -12;
v00000189a8cef040_0 .var/i "i", 31 0;
TD_TB_Combined.test_bpm_monitor ;
    %vpi_call 2 74 "$display", "\012BPM Monitor Test Cases" {0 0 0};
    %vpi_call 2 75 "$display", "+-------+--------------+--------+-----------+" {0 0 0};
    %vpi_call 2 76 "$display", "| Case  | Pulse Count  | BPM    | BPM State |" {0 0 0};
    %vpi_call 2 77 "$display", "+-------+--------------+--------+-----------+" {0 0 0};
    %pushi/vec4 1, 0, 32;
    %store/vec4 v00000189a8cef040_0, 0, 32;
T_0.0 ;
    %load/vec4 v00000189a8cef040_0;
    %cmpi/s 35, 0, 32;
    %flag_or 5, 4;
    %jmp/0xz T_0.1, 5;
    %vpi_func 2 81 "$urandom_range" 32, 32'sb00000000000000000000000000000101, 32'sb00000000000000000000000000011001 {0 0 0};
    %pad/u 8;
    %store/vec4 v00000189a8ceda60_0, 0, 8;
    %pushi/vec4 1, 0, 1;
    %store/vec4 v00000189a8ceeaa0_0, 0, 1;
    %delay 1000000, 0;
    %pushi/vec4 0, 0, 1;
    %store/vec4 v00000189a8ceeaa0_0, 0, 1;
    %delay 1000000, 0;
    %vpi_call 2 91 "$display", "| %3d   | %12d | %6d | %9b |", v00000189a8cef040_0, v00000189a8ceda60_0, v00000189a8cede20_0, v00000189a8ced9c0_0 {0 0 0};
    %load/vec4 v00000189a8cef040_0;
    %addi 1, 0, 32;
    %store/vec4 v00000189a8cef040_0, 0, 32;
    %jmp T_0.0;
T_0.1 ;
    %vpi_call 2 94 "$display", "+-------+--------------+--------+-----------+" {0 0 0};
    %end;
S_00000189a8c722e0 .scope task, "test_fall_detection" "test_fall_detection" 2 99, 2 99 0, S_00000189a8c58980;
 .timescale -9 -12;
TD_TB_Combined.test_fall_detection ;
    %pushi/vec4 0, 0, 1;
    %store/vec4 v00000189a8cee500_0, 0, 1;
    %pushi/vec4 0, 0, 1;
    %store/vec4 v00000189a8cee8c0_0, 0, 1;
    %pushi/real 0, 4065; load=0.00000
    %store/real v00000189a8cee6e0_0;
    %pushi/real 0, 4065; load=0.00000
    %store/real v00000189a8ced600_0;
    %pushi/real 0, 4065; load=0.00000
    %store/real v00000189a8cedce0_0;
    %delay 1000000, 0;
    %delay 1000000000, 0;
    %pushi/vec4 1, 0, 1;
    %store/vec4 v00000189a8cee500_0, 0, 1;
    %vpi_func/r 2 116 "$realtime" {0 0 0};
    %pushi/real 2048000000, 4085; load=1.00000e+06
    %div/wr;
    %store/real v00000189a8cee6e0_0;
    %delay 10000000, 0;
    %delay 705032704, 1;
    %vpi_func/r 2 119 "$realtime" {0 0 0};
    %pushi/real 2048000000, 4085; load=1.00000e+06
    %div/wr;
    %load/real v00000189a8cee6e0_0;
    %sub/wr;
    %store/real v00000189a8ced600_0;
    %pushi/vec4 1, 0, 1;
    %store/vec4 v00000189a8cee8c0_0, 0, 1;
    %vpi_func/r 2 121 "$realtime" {0 0 0};
    %pushi/real 2048000000, 4085; load=1.00000e+06
    %div/wr;
    %load/real v00000189a8cee6e0_0;
    %sub/wr;
    %store/real v00000189a8cedce0_0;
    %delay 1000000, 0;
    %pushi/vec4 0, 0, 1;
    %store/vec4 v00000189a8cee8c0_0, 0, 1;
    %delay 1000000, 0;
    %pushi/vec4 0, 0, 1;
    %store/vec4 v00000189a8cee500_0, 0, 1;
    %vpi_call 2 126 "$display", "Test Case 2: Fall duration = %0.2f seconds, Reset pressed after %0.2f seconds", v00000189a8ced600_0, v00000189a8cedce0_0 {0 0 0};
    %pushi/vec4 1, 0, 1;
    %store/vec4 v00000189a8cee500_0, 0, 1;
    %vpi_func/r 2 130 "$realtime" {0 0 0};
    %pushi/real 2048000000, 4085; load=1.00000e+06
    %div/wr;
    %store/real v00000189a8cee6e0_0;
    %delay 10000000, 0;
    %delay 935228928, 7;
    %vpi_func/r 2 133 "$realtime" {0 0 0};
    %pushi/real 2048000000, 4085; load=1.00000e+06
    %div/wr;
    %load/real v00000189a8cee6e0_0;
    %sub/wr;
    %store/real v00000189a8ced600_0;
    %vpi_call 2 134 "$display", "Test Case 3: Fall duration = %0.2f seconds, No reset pressed", v00000189a8ced600_0 {0 0 0};
    %delay 1000000000, 0;
    %end;
S_00000189a8c72470 .scope task, "test_medicine_reminder" "test_medicine_reminder" 2 141, 2 141 0, S_00000189a8c58980;
 .timescale -9 -12;
v00000189a8cef0e0_0 .var/i "cycle_count", 31 0;
E_00000189a8c8d640 .event posedge, v00000189a8c96d40_0;
TD_TB_Combined.test_medicine_reminder ;
    %vpi_call 2 144 "$display", "\012Medicine Reminder Test Cases" {0 0 0};
    %vpi_call 2 145 "$display", "+-------+-------------------+-----------------+" {0 0 0};
    %vpi_call 2 146 "$display", "| Cycle | Time              | Medicine Reminder |" {0 0 0};
    %vpi_call 2 147 "$display", "+-------+-------------------+-----------------+" {0 0 0};
    %pushi/vec4 0, 0, 32;
    %store/vec4 v00000189a8cef0e0_0, 0, 32;
T_2.2 ;
    %load/vec4 v00000189a8cef0e0_0;
    %cmpi/s 2100, 0, 32;
    %flag_or 5, 4;
    %jmp/0xz T_2.3, 5;
    %wait E_00000189a8c8d640;
    %delay 1000, 0;
    %vpi_call 2 152 "$display", "| %5d | %10d ns | %17b |", v00000189a8cef0e0_0, $time, v00000189a8cedb00_0 {0 0 0};
    %load/vec4 v00000189a8cef0e0_0;
    %addi 1, 0, 32;
    %store/vec4 v00000189a8cef0e0_0, 0, 32;
    %jmp T_2.2;
T_2.3 ;
    %vpi_call 2 155 "$display", "+-------+-------------------+-----------------+" {0 0 0};
    %end;
S_00000189a8c32a20 .scope task, "test_temperature_monitor" "test_temperature_monitor" 2 160, 2 160 0, S_00000189a8c58980;
 .timescale -9 -12;
v00000189a8cee000_0 .var/i "i", 31 0;
v00000189a8ced920_0 .var "temp_value", 7 0;
TD_TB_Combined.test_temperature_monitor ;
    %vpi_call 2 164 "$display", "\012Temperature Monitor Test Cases" {0 0 0};
    %vpi_call 2 165 "$display", "+-------+-------------+-----------+------------+-----------+" {0 0 0};
    %vpi_call 2 166 "$display", "| Case  | Temperature | Temp State | Temp Low  | Temp High |" {0 0 0};
    %vpi_call 2 167 "$display", "+-------+-------------+-----------+------------+-----------+" {0 0 0};
    %pushi/vec4 1, 0, 32;
    %store/vec4 v00000189a8cee000_0, 0, 32;
T_3.4 ;
    %load/vec4 v00000189a8cee000_0;
    %cmpi/s 40, 0, 32;
    %flag_or 5, 4;
    %jmp/0xz T_3.5, 5;
    %vpi_func 2 170 "$urandom_range" 32, 32'sb00000000000000000000000001010101, 32'sb00000000000000000000000001101110 {0 0 0};
    %pad/u 8;
    %store/vec4 v00000189a8ced920_0, 0, 8;
    %load/vec4 v00000189a8ced920_0;
    %store/vec4 v00000189a8cedc40_0, 0, 8;
    %delay 1000000, 0;
    %vpi_call 2 174 "$display", "| %3d   | %11d | %10b | %9b | %9b |", v00000189a8cee000_0, v00000189a8ced920_0, v00000189a8cedba0_0, v00000189a8cee780_0, v00000189a8cee140_0 {0 0 0};
    %load/vec4 v00000189a8cee000_0;
    %addi 1, 0, 32;
    %store/vec4 v00000189a8cee000_0, 0, 32;
    %jmp T_3.4;
T_3.5 ;
    %vpi_call 2 177 "$display", "+-------+-------------+-----------+------------+-----------+" {0 0 0};
    %end;
    .scope S_00000189a8c63830;
T_4 ;
    %wait E_00000189a8c8df00;
    %load/vec4 v00000189a8c96e80_0;
    %flag_set/vec4 8;
    %jmp/0xz  T_4.0, 8;
    %pushi/vec4 0, 0, 8;
    %assign/vec4 v00000189a8c96840_0, 0;
    %pushi/vec4 0, 0, 1;
    %assign/vec4 v00000189a8c96c00_0, 0;
    %jmp T_4.1;
T_4.0 ;
    %load/vec4 v00000189a8c96ca0_0;
    %muli 6, 0, 8;
    %assign/vec4 v00000189a8c96840_0, 0;
    %load/vec4 v00000189a8c96ca0_0;
    %pad/u 32;
    %cmpi/u 10, 0, 32;
    %jmp/1 T_4.4, 5;
    %flag_mov 8, 5;
    %load/vec4 v00000189a8c96ca0_0;
    %pad/u 32;
    %cmpi/u 17, 0, 32;
    %flag_or 5, 4; GT is !LE
    %flag_inv 5;
    %flag_or 5, 8;
T_4.4;
    %jmp/0xz  T_4.2, 5;
    %pushi/vec4 1, 0, 1;
    %assign/vec4 v00000189a8c96c00_0, 0;
    %jmp T_4.3;
T_4.2 ;
    %pushi/vec4 0, 0, 1;
    %assign/vec4 v00000189a8c96c00_0, 0;
T_4.3 ;
T_4.1 ;
    %jmp T_4;
    .thread T_4;
    .scope S_00000189a8c6f090;
T_5 ;
    %wait E_00000189a8c8df00;
    %load/vec4 v00000189a8c96160_0;
    %flag_set/vec4 8;
    %jmp/0xz  T_5.0, 8;
    %pushi/vec4 0, 0, 2;
    %assign/vec4 v00000189a8c968e0_0, 0;
    %pushi/vec4 0, 0, 32;
    %assign/vec4 v00000189a8c96200_0, 0;
    %pushi/vec4 0, 0, 1;
    %assign/vec4 v00000189a8c96020_0, 0;
    %pushi/vec4 0, 0, 32;
    %assign/vec4 v00000189a8c963e0_0, 0;
    %jmp T_5.1;
T_5.0 ;
    %load/vec4 v00000189a8c968e0_0;
    %dup/vec4;
    %pushi/vec4 0, 0, 2;
    %cmp/u;
    %jmp/1 T_5.2, 6;
    %dup/vec4;
    %pushi/vec4 1, 0, 2;
    %cmp/u;
    %jmp/1 T_5.3, 6;
    %dup/vec4;
    %pushi/vec4 2, 0, 2;
    %cmp/u;
    %jmp/1 T_5.4, 6;
    %jmp T_5.5;
T_5.2 ;
    %load/vec4 v00000189a8c960c0_0;
    %flag_set/vec4 8;
    %jmp/0xz  T_5.6, 8;
    %pushi/vec4 1, 0, 2;
    %assign/vec4 v00000189a8c968e0_0, 0;
    %pushi/vec4 0, 0, 32;
    %assign/vec4 v00000189a8c96200_0, 0;
T_5.6 ;
    %jmp T_5.5;
T_5.3 ;
    %load/vec4 v00000189a8c960c0_0;
    %nor/r;
    %flag_set/vec4 8;
    %jmp/0xz  T_5.8, 8;
    %pushi/vec4 0, 0, 2;
    %assign/vec4 v00000189a8c968e0_0, 0;
    %jmp T_5.9;
T_5.8 ;
    %load/vec4 v00000189a8c96200_0;
    %cmpi/e 4, 0, 32;
    %jmp/0xz  T_5.10, 4;
    %pushi/vec4 2, 0, 2;
    %assign/vec4 v00000189a8c968e0_0, 0;
    %pushi/vec4 0, 0, 32;
    %assign/vec4 v00000189a8c96200_0, 0;
    %pushi/vec4 0, 0, 32;
    %assign/vec4 v00000189a8c963e0_0, 0;
    %jmp T_5.11;
T_5.10 ;
    %load/vec4 v00000189a8c96200_0;
    %addi 1, 0, 32;
    %assign/vec4 v00000189a8c96200_0, 0;
T_5.11 ;
T_5.9 ;
    %jmp T_5.5;
T_5.4 ;
    %load/vec4 v00000189a8c96b60_0;
    %flag_set/vec4 8;
    %jmp/0xz  T_5.12, 8;
    %pushi/vec4 0, 0, 2;
    %assign/vec4 v00000189a8c968e0_0, 0;
    %pushi/vec4 0, 0, 1;
    %assign/vec4 v00000189a8c96020_0, 0;
    %jmp T_5.13;
T_5.12 ;
    %load/vec4 v00000189a8c963e0_0;
    %cmpi/e 999999, 0, 32;
    %jmp/0xz  T_5.14, 4;
    %load/vec4 v00000189a8c96200_0;
    %cmpi/e 29, 0, 32;
    %jmp/0xz  T_5.16, 4;
    %pushi/vec4 1, 0, 1;
    %assign/vec4 v00000189a8c96020_0, 0;
    %jmp T_5.17;
T_5.16 ;
    %load/vec4 v00000189a8c96200_0;
    %addi 1, 0, 32;
    %assign/vec4 v00000189a8c96200_0, 0;
T_5.17 ;
    %pushi/vec4 0, 0, 32;
    %assign/vec4 v00000189a8c963e0_0, 0;
    %jmp T_5.15;
T_5.14 ;
    %load/vec4 v00000189a8c963e0_0;
    %addi 1, 0, 32;
    %assign/vec4 v00000189a8c963e0_0, 0;
T_5.15 ;
T_5.13 ;
    %jmp T_5.5;
T_5.5 ;
    %pop/vec4 1;
T_5.1 ;
    %jmp T_5;
    .thread T_5;
    .scope S_00000189a8c6f380;
T_6 ;
    %wait E_00000189a8c8df00;
    %load/vec4 v00000189a8c96520_0;
    %flag_set/vec4 8;
    %jmp/0xz  T_6.0, 8;
    %pushi/vec4 0, 0, 12;
    %assign/vec4 v00000189a8c962a0_0, 0;
    %pushi/vec4 0, 0, 4;
    %assign/vec4 v00000189a8c967a0_0, 0;
    %pushi/vec4 0, 0, 1;
    %assign/vec4 v00000189a8c96480_0, 0;
    %pushi/vec4 0, 0, 24;
    %assign/vec4 v00000189a8c96340_0, 0;
    %jmp T_6.1;
T_6.0 ;
    %load/vec4 v00000189a8c962a0_0;
    %pad/u 32;
    %cmpi/e 600, 0, 32;
    %jmp/0xz  T_6.2, 4;
    %pushi/vec4 0, 0, 12;
    %assign/vec4 v00000189a8c962a0_0, 0;
    %load/vec4 v00000189a8c967a0_0;
    %cmpi/u 3, 0, 4;
    %jmp/0xz  T_6.4, 5;
    %pushi/vec4 1, 0, 1;
    %assign/vec4 v00000189a8c96480_0, 0;
    %load/vec4 v00000189a8c967a0_0;
    %addi 1, 0, 4;
    %assign/vec4 v00000189a8c967a0_0, 0;
    %pushi/vec4 0, 0, 24;
    %assign/vec4 v00000189a8c96340_0, 0;
    %jmp T_6.5;
T_6.4 ;
    %pushi/vec4 0, 0, 1;
    %assign/vec4 v00000189a8c96480_0, 0;
T_6.5 ;
    %jmp T_6.3;
T_6.2 ;
    %load/vec4 v00000189a8c962a0_0;
    %addi 1, 0, 12;
    %assign/vec4 v00000189a8c962a0_0, 0;
    %load/vec4 v00000189a8c96480_0;
    %flag_set/vec4 8;
    %jmp/0xz  T_6.6, 8;
    %load/vec4 v00000189a8c96340_0;
    %pad/u 32;
    %cmpi/u 100, 0, 32;
    %jmp/0xz  T_6.8, 5;
    %load/vec4 v00000189a8c96340_0;
    %addi 1, 0, 24;
    %assign/vec4 v00000189a8c96340_0, 0;
    %jmp T_6.9;
T_6.8 ;
    %pushi/vec4 0, 0, 1;
    %assign/vec4 v00000189a8c96480_0, 0;
T_6.9 ;
T_6.6 ;
T_6.3 ;
T_6.1 ;
    %jmp T_6;
    .thread T_6;
    .scope S_00000189a8c58980;
T_7 ;
    %pushi/vec4 0, 0, 1;
    %store/vec4 v00000189a8cee640_0, 0, 1;
T_7.0 ;
    %delay 500000, 0;
    %load/vec4 v00000189a8cee640_0;
    %inv;
    %store/vec4 v00000189a8cee640_0, 0, 1;
    %jmp T_7.0;
    %end;
    .thread T_7;
    .scope S_00000189a8c58980;
T_8 ;
    %pushi/vec4 1, 0, 1;
    %store/vec4 v00000189a8ceeaa0_0, 0, 1;
    %pushi/vec4 0, 0, 8;
    %store/vec4 v00000189a8ceda60_0, 0, 8;
    %pushi/vec4 0, 0, 8;
    %store/vec4 v00000189a8cedc40_0, 0, 8;
    %delay 1000000, 0;
    %pushi/vec4 0, 0, 1;
    %store/vec4 v00000189a8ceeaa0_0, 0, 1;
    %fork TD_TB_Combined.test_bpm_monitor, S_00000189a8c79ac0;
    %join;
    %fork TD_TB_Combined.test_fall_detection, S_00000189a8c722e0;
    %join;
    %fork TD_TB_Combined.test_medicine_reminder, S_00000189a8c72470;
    %join;
    %fork TD_TB_Combined.test_temperature_monitor, S_00000189a8c32a20;
    %join;
    %vpi_call 2 198 "$finish" {0 0 0};
    %end;
    .thread T_8;
    .scope S_00000189a8c58980;
T_9 ;
    %vpi_call 2 203 "$monitor", "Time=%0d ns: pulse_count=%d, bpm=%d, bpm_state=%b, fall_sensor=%b, alarm=%b, medicine_reminder=%b, temperature=%d, temp_state=%b", $time, v00000189a8ceda60_0, v00000189a8cede20_0, v00000189a8ced9c0_0, v00000189a8cee500_0, v00000189a8cee5a0_0, v00000189a8cedb00_0, v00000189a8cedc40_0, v00000189a8cedba0_0 {0 0 0};
    %end;
    .thread T_9;
# The file index is used to find the file name in the following table.
:file_names 4;
    "N/A";
    "<interactive>";
    "maintb.v";
    "main.v";
